c:\users\nathaniel\documents\visual studio 2015\projects\terminus ii\terminus ii\debug\terminus ii.pch
c:\users\nathaniel\documents\visual studio 2015\projects\terminus ii\terminus ii\debug\vc140.pdb
c:\users\nathaniel\documents\visual studio 2015\projects\terminus ii\terminus ii\debug\vc140.idb
c:\users\nathaniel\documents\visual studio 2015\projects\terminus ii\terminus ii\debug\stdafx.obj
c:\users\nathaniel\documents\visual studio 2015\projects\terminus ii\terminus ii\debug\forest.obj
c:\users\nathaniel\documents\visual studio 2015\projects\terminus ii\terminus ii\debug\inventoryscreen.obj
c:\users\nathaniel\documents\visual studio 2015\projects\terminus ii\terminus ii\debug\items.obj
c:\users\nathaniel\documents\visual studio 2015\projects\terminus ii\terminus ii\debug\player.obj
c:\users\nathaniel\documents\visual studio 2015\projects\terminus ii\terminus ii\debug\terminus ii.obj
c:\users\nathaniel\documents\visual studio 2015\projects\terminus ii\terminus ii\debug\terrain.obj
c:\users\nathaniel\documents\visual studio 2015\projects\terminus ii\terminus ii\debug\weapons.obj
c:\users\nathaniel\documents\visual studio 2015\projects\terminus ii\terminus ii\debug\wilderness.obj
c:\users\nathaniel\documents\visual studio 2015\projects\terminus ii\terminus ii\debug\world.obj
c:\users\nathaniel\documents\visual studio 2015\projects\terminus ii\debug\terminus ii.pdb
c:\users\nathaniel\documents\visual studio 2015\projects\terminus ii\debug\terminus ii.exe
c:\users\nathaniel\documents\visual studio 2015\projects\terminus ii\debug\terminus ii.ilk
c:\users\nathaniel\documents\visual studio 2015\projects\terminus ii\terminus ii\debug\terminus ii.tlog\cl.command.1.tlog
c:\users\nathaniel\documents\visual studio 2015\projects\terminus ii\terminus ii\debug\terminus ii.tlog\cl.read.1.tlog
c:\users\nathaniel\documents\visual studio 2015\projects\terminus ii\terminus ii\debug\terminus ii.tlog\cl.write.1.tlog
c:\users\nathaniel\documents\visual studio 2015\projects\terminus ii\terminus ii\debug\terminus ii.tlog\link.command.1.tlog
c:\users\nathaniel\documents\visual studio 2015\projects\terminus ii\terminus ii\debug\terminus ii.tlog\link.read.1.tlog
c:\users\nathaniel\documents\visual studio 2015\projects\terminus ii\terminus ii\debug\terminus ii.tlog\link.write.1.tlog
